<?xml version="1.0" encoding="UTF-8"?>
<coverage generated="1631407015820" clover="3.2.0">
  <project timestamp="1631407015820" name="All files">
    <metrics statements="21" coveredstatements="21" conditionals="2" coveredconditionals="2" methods="9" coveredmethods="9" elements="32" coveredelements="32" complexity="0" loc="21" ncloc="21" packages="1" files="1" classes="1"/>
    <file name="app.ts" path="C:\Users\IncluIT-NB\Desktop\kavack-test\src\app.ts">
      <metrics statements="21" coveredstatements="21" conditionals="2" coveredconditionals="2" methods="9" coveredmethods="9"/>
      <line num="4" count="5" type="stmt"/>
      <line num="6" count="5" type="stmt"/>
      <line num="8" count="5" type="stmt"/>
      <line num="10" count="5" type="stmt"/>
      <line num="12" count="5" type="stmt"/>
      <line num="14" count="5" type="stmt"/>
      <line num="18" count="5" type="stmt"/>
      <line num="20" count="5" type="stmt"/>
      <line num="22" count="5" type="stmt"/>
      <line num="26" count="205" type="stmt"/>
      <line num="28" count="5" type="stmt"/>
      <line num="32" count="5" type="stmt"/>
      <line num="34" count="5" type="stmt"/>
      <line num="35" count="153" type="stmt"/>
      <line num="36" count="153" type="cond" truecount="2" falsecount="0"/>
      <line num="39" count="5" type="stmt"/>
      <line num="43" count="404" type="stmt"/>
      <line num="45" count="5" type="stmt"/>
      <line num="49" count="5" type="stmt"/>
      <line num="51" count="5" type="stmt"/>
      <line num="56" count="1" type="stmt"/>
    </file>
  </project>
</coverage>
