{"C:\\Users\\IncluIT-NB\\Desktop\\kavack-test\\src\\app.ts": {"path":"C:\\Users\\IncluIT-NB\\Desktop\\kavack-test\\src\\app.ts","statementMap":{"0":{"start":{"line":4,"column":18},"end":{"line":4,"column":45}},"1":{"start":{"line":6,"column":25},"end":{"line":6,"column":76}},"2":{"start":{"line":8,"column":27},"end":{"line":8,"column":63}},"3":{"start":{"line":10,"column":24},"end":{"line":10,"column":65}},"4":{"start":{"line":12,"column":17},"end":{"line":12,"column":43}},"5":{"start":{"line":14,"column":4},"end":{"line":14,"column":null}},"6":{"start":{"line":18,"column":45},"end":{"line":18,"column":102}},"7":{"start":{"line":20,"column":18},"end":{"line":20,"column":61}},"8":{"start":{"line":22,"column":4},"end":{"line":22,"column":null}},"9":{"start":{"line":26,"column":25},"end":{"line":26,"column":98}},"10":{"start":{"line":26,"column":46},"end":{"line":26,"column":97}},"11":{"start":{"line":28,"column":4},"end":{"line":28,"column":null}},"12":{"start":{"line":32,"column":52},"end":{"line":32,"column":54}},"13":{"start":{"line":34,"column":4},"end":{"line":37,"column":null}},"14":{"start":{"line":35,"column":30},"end":{"line":35,"column":54}},"15":{"start":{"line":36,"column":6},"end":{"line":36,"column":null}},"16":{"start":{"line":39,"column":4},"end":{"line":39,"column":null}},"17":{"start":{"line":43,"column":23},"end":{"line":43,"column":93}},"18":{"start":{"line":43,"column":73},"end":{"line":43,"column":92}},"19":{"start":{"line":45,"column":4},"end":{"line":45,"column":null}},"20":{"start":{"line":49,"column":17},"end":{"line":49,"column":45}},"21":{"start":{"line":51,"column":4},"end":{"line":51,"column":null}},"22":{"start":{"line":56,"column":0},"end":{"line":56,"column":null}}},"fnMap":{"0":{"name":"(anonymous_0)","decl":{"start":{"line":3,"column":9},"end":{"line":3,"column":27}},"loc":{"start":{"line":3,"column":81},"end":{"line":15,"column":3}}},"1":{"name":"(anonymous_1)","decl":{"start":{"line":17,"column":10},"end":{"line":17,"column":21}},"loc":{"start":{"line":17,"column":40},"end":{"line":23,"column":3}}},"2":{"name":"(anonymous_2)","decl":{"start":{"line":25,"column":10},"end":{"line":25,"column":32}},"loc":{"start":{"line":25,"column":76},"end":{"line":29,"column":3}}},"3":{"name":"(anonymous_3)","decl":{"start":{"line":26,"column":38},"end":{"line":26,"column":42}},"loc":{"start":{"line":26,"column":46},"end":{"line":26,"column":97}}},"4":{"name":"(anonymous_4)","decl":{"start":{"line":31,"column":10},"end":{"line":31,"column":27}},"loc":{"start":{"line":31,"column":44},"end":{"line":40,"column":3}}},"5":{"name":"(anonymous_5)","decl":{"start":{"line":34,"column":18},"end":{"line":34,"column":22}},"loc":{"start":{"line":34,"column":25},"end":{"line":37,"column":5}}},"6":{"name":"(anonymous_6)","decl":{"start":{"line":42,"column":10},"end":{"line":42,"column":30}},"loc":{"start":{"line":42,"column":66},"end":{"line":46,"column":3}}},"7":{"name":"(anonymous_7)","decl":{"start":{"line":43,"column":47},"end":{"line":43,"column":48}},"loc":{"start":{"line":43,"column":73},"end":{"line":43,"column":92}}},"8":{"name":"(anonymous_8)","decl":{"start":{"line":48,"column":10},"end":{"line":48,"column":18}},"loc":{"start":{"line":48,"column":35},"end":{"line":52,"column":3}}}},"branchMap":{"0":{"loc":{"start":{"line":36,"column":37},"end":{"line":36,"column":64}},"type":"binary-expr","locations":[{"start":{"line":36,"column":37},"end":{"line":36,"column":64}},{"start":{"line":36,"column":68},"end":{"line":36,"column":69}}]}},"s":{"0":5,"1":5,"2":5,"3":5,"4":5,"5":5,"6":5,"7":5,"8":5,"9":5,"10":205,"11":5,"12":5,"13":5,"14":153,"15":153,"16":5,"17":5,"18":404,"19":5,"20":5,"21":5,"22":1},"f":{"0":5,"1":5,"2":5,"3":205,"4":5,"5":153,"6":5,"7":404,"8":5},"b":{"0":[153,115]}}
}
