TN:
SF:src\app.ts
FN:3,(anonymous_0)
FN:17,(anonymous_1)
FN:25,(anonymous_2)
FN:26,(anonymous_3)
FN:31,(anonymous_4)
FN:34,(anonymous_5)
FN:42,(anonymous_6)
FN:43,(anonymous_7)
FN:48,(anonymous_8)
FNF:9
FNH:9
FNDA:4,(anonymous_0)
FNDA:4,(anonymous_1)
FNDA:4,(anonymous_2)
FNDA:204,(anonymous_3)
FNDA:4,(anonymous_4)
FNDA:152,(anonymous_5)
FNDA:4,(anonymous_6)
FNDA:404,(anonymous_7)
FNDA:4,(anonymous_8)
DA:4,4
DA:6,4
DA:8,4
DA:10,4
DA:12,4
DA:14,4
DA:18,4
DA:20,4
DA:22,4
DA:26,204
DA:28,4
DA:32,4
DA:34,4
DA:35,152
DA:36,152
DA:39,4
DA:43,404
DA:45,4
DA:49,4
DA:51,4
DA:56,1
LF:21
LH:21
BRDA:36,0,0,152
BRDA:36,0,1,114
BRF:2
BRH:2
end_of_record
