TN:
SF:src\app.ts
FN:3,(anonymous_0)
FN:17,(anonymous_1)
FN:25,(anonymous_2)
FN:26,(anonymous_3)
FN:31,(anonymous_4)
FN:34,(anonymous_5)
FN:42,(anonymous_6)
FN:43,(anonymous_7)
FN:48,(anonymous_8)
FNF:9
FNH:9
FNDA:5,(anonymous_0)
FNDA:5,(anonymous_1)
FNDA:5,(anonymous_2)
FNDA:205,(anonymous_3)
FNDA:5,(anonymous_4)
FNDA:153,(anonymous_5)
FNDA:5,(anonymous_6)
FNDA:404,(anonymous_7)
FNDA:5,(anonymous_8)
DA:4,5
DA:6,5
DA:8,5
DA:10,5
DA:12,5
DA:14,5
DA:18,5
DA:20,5
DA:22,5
DA:26,205
DA:28,5
DA:32,5
DA:34,5
DA:35,153
DA:36,153
DA:39,5
DA:43,404
DA:45,5
DA:49,5
DA:51,5
DA:56,1
LF:21
LH:21
BRDA:36,0,0,153
BRDA:36,0,1,115
BRF:2
BRH:2
end_of_record
